<?xml version="1.0" encoding="UTF-8"?>
<!-- Generated by org.testng.reporters.JUnitXMLReporter -->
<testsuite hostname="INLAPIWIN10028" name="AllCalssesTest" tests="4" failures="0" timestamp="13 Nov 2018 12:03:13 GMT" time="136.299" errors="0">
  <testcase name="aplogotest" time="0.193" classname="com.sa.test.pages.Loginpagetest"/>
  <testcase name="verify" time="20.606" classname="com.sa.test.pages.Loginpagetest"/>
  <testcase name="VerifyStaffDaysUpdatetest" time="15.33" classname="com.sa.test.pages.Staffaccesstypetest"/>
  <testcase name="verifyifaccesstypeselected" time="8.027" classname="com.sa.test.pages.Staffaccesstypetest"/>
</testsuite> <!-- AllCalssesTest -->
