<?xml version="1.0" encoding="UTF-8"?>
<testng-results skipped="1" failed="0" total="1" passed="0">
  <reporter-output>
  </reporter-output>
  <suite name="Default suite" duration-ms="106" started-at="2018-10-27T17:54:17Z" finished-at="2018-10-27T17:54:17Z">
    <groups>
    </groups>
    <test name="Default test" duration-ms="106" started-at="2018-10-27T17:54:17Z" finished-at="2018-10-27T17:54:17Z">
      <class name="com.sa.test.pages.CorrectServiceCostTest">
        <test-method status="FAIL" signature="setup()[pri:0, instance:com.sa.test.pages.CorrectServiceCostTest@5c7fa833]" name="setup" is-config="true" duration-ms="0" started-at="2018-10-27T23:24:17Z" finished-at="2018-10-27T23:24:17Z">
          <exception class="java.lang.IllegalStateException">
            <message>
              <![CDATA[The driver executable does not exist: /Users/anveshdurgam/git/LikeReal/Users/anveshdurgam/Downloads/chromedriver]]>
            </message>
            <full-stacktrace>
              <![CDATA[java.lang.IllegalStateException: The driver executable does not exist: /Users/anveshdurgam/git/LikeReal/Users/anveshdurgam/Downloads/chromedriver
	at com.google.common.base.Preconditions.checkState(Preconditions.java:585)
	at org.openqa.selenium.remote.service.DriverService.checkExecutable(DriverService.java:137)
	at org.openqa.selenium.remote.service.DriverService.findExecutable(DriverService.java:132)
	at org.openqa.selenium.chrome.ChromeDriverService.access$000(ChromeDriverService.java:35)
	at org.openqa.selenium.chrome.ChromeDriverService$Builder.findDefaultExecutable(ChromeDriverService.java:156)
	at org.openqa.selenium.remote.service.DriverService$Builder.build(DriverService.java:346)
	at org.openqa.selenium.chrome.ChromeDriverService.createDefaultService(ChromeDriverService.java:91)
	at org.openqa.selenium.chrome.ChromeDriver.<init>(ChromeDriver.java:123)
	at testbasepackage.TestBase.initizlization(TestBase.java:43)
	at com.sa.test.pages.CorrectServiceCostTest.setup(CorrectServiceCostTest.java:38)
	at sun.reflect.NativeMethodAccessorImpl.invoke0(Native Method)
	at sun.reflect.NativeMethodAccessorImpl.invoke(NativeMethodAccessorImpl.java:62)
	at sun.reflect.DelegatingMethodAccessorImpl.invoke(DelegatingMethodAccessorImpl.java:43)
	at java.lang.reflect.Method.invoke(Method.java:498)
	at org.testng.internal.MethodInvocationHelper.invokeMethod(MethodInvocationHelper.java:80)
	at org.testng.internal.Invoker.invokeConfigurationMethod(Invoker.java:564)
	at org.testng.internal.Invoker.invokeConfigurations(Invoker.java:213)
	at org.testng.internal.Invoker.invokeMethod(Invoker.java:653)
	at org.testng.internal.Invoker.invokeTestMethod(Invoker.java:901)
	at org.testng.internal.Invoker.invokeTestMethods(Invoker.java:1231)
	at org.testng.internal.TestMethodWorker.invokeTestMethods(TestMethodWorker.java:127)
	at org.testng.internal.TestMethodWorker.run(TestMethodWorker.java:111)
	at org.testng.TestRunner.privateRun(TestRunner.java:767)
	at org.testng.TestRunner.run(TestRunner.java:617)
	at org.testng.SuiteRunner.runTest(SuiteRunner.java:334)
	at org.testng.SuiteRunner.runSequentially(SuiteRunner.java:329)
	at org.testng.SuiteRunner.privateRun(SuiteRunner.java:291)
	at org.testng.SuiteRunner.run(SuiteRunner.java:240)
	at org.testng.SuiteRunnerWorker.runSuite(SuiteRunnerWorker.java:52)
	at org.testng.SuiteRunnerWorker.run(SuiteRunnerWorker.java:86)
	at org.testng.TestNG.runSuitesSequentially(TestNG.java:1198)
	at org.testng.TestNG.runSuitesLocally(TestNG.java:1123)
	at org.testng.TestNG.run(TestNG.java:1031)
	at org.testng.remote.AbstractRemoteTestNG.run(AbstractRemoteTestNG.java:114)
	at org.testng.remote.RemoteTestNG.initAndRun(RemoteTestNG.java:251)
	at org.testng.remote.RemoteTestNG.main(RemoteTestNG.java:77)
]]>
            </full-stacktrace>
          </exception> <!-- java.lang.IllegalStateException -->
          <reporter-output>
          </reporter-output>
        </test-method> <!-- setup -->
        <test-method status="SKIP" signature="servicecosttest()[pri:0, instance:com.sa.test.pages.CorrectServiceCostTest@5c7fa833]" name="servicecosttest" duration-ms="2" started-at="2018-10-27T23:24:17Z" finished-at="2018-10-27T23:24:17Z">
          <reporter-output>
          </reporter-output>
        </test-method> <!-- servicecosttest -->
        <test-method status="SKIP" signature="close()[pri:0, instance:com.sa.test.pages.CorrectServiceCostTest@5c7fa833]" name="close" is-config="true" duration-ms="0" started-at="2018-10-27T23:24:17Z" finished-at="2018-10-27T23:24:17Z">
          <reporter-output>
          </reporter-output>
        </test-method> <!-- close -->
      </class> <!-- com.sa.test.pages.CorrectServiceCostTest -->
    </test> <!-- Default test -->
  </suite> <!-- Default suite -->
</testng-results>
