<?xml version="1.0" encoding="UTF-8"?>
<testng-results skipped="0" failed="0" total="1" passed="1">
  <reporter-output>
  </reporter-output>
  <suite name="Default suite" duration-ms="986" started-at="2018-10-23T06:16:22Z" finished-at="2018-10-23T06:16:23Z">
    <groups>
    </groups>
    <test name="Default test" duration-ms="986" started-at="2018-10-23T06:16:22Z" finished-at="2018-10-23T06:16:23Z">
      <class name="justtests.ExcelTest">
        <test-method status="PASS" signature="testdata()[pri:0, instance:justtests.ExcelTest@3a82f6ef]" name="testdata" duration-ms="967" started-at="2018-10-23T11:46:22Z" finished-at="2018-10-23T11:46:23Z">
          <reporter-output>
          </reporter-output>
        </test-method> <!-- testdata -->
      </class> <!-- justtests.ExcelTest -->
    </test> <!-- Default test -->
  </suite> <!-- Default suite -->
</testng-results>
