<?xml version="1.0" encoding="UTF-8"?>
<testng-results skipped="0" failed="0" total="1" passed="1">
  <reporter-output>
  </reporter-output>
  <suite name="Default suite" duration-ms="122016" started-at="2018-11-27T11:43:22Z" finished-at="2018-11-27T11:45:24Z">
    <groups>
    </groups>
    <test name="Default test" duration-ms="122016" started-at="2018-11-27T11:43:22Z" finished-at="2018-11-27T11:45:24Z">
      <class name="com.sa.test.pages.HomePageTest">
        <test-method status="PASS" signature="setup()[pri:0, instance:com.sa.test.pages.HomePageTest@51565ec2]" name="setup" is-config="true" duration-ms="10851" started-at="2018-11-27T17:13:23Z" finished-at="2018-11-27T17:13:34Z">
          <reporter-output>
          </reporter-output>
        </test-method> <!-- setup -->
        <test-method status="PASS" signature="MVT(java.lang.String)[pri:0, instance:com.sa.test.pages.HomePageTest@51565ec2]" name="MVT" duration-ms="109783" started-at="2018-11-27T17:13:34Z" data-provider="acountss" finished-at="2018-11-27T17:15:24Z">
          <params>
            <param index="0">
              <value>
                <![CDATA[AP352-497]]>
              </value>
            </param>
          </params>
          <reporter-output>
          </reporter-output>
        </test-method> <!-- MVT -->
        <test-method status="PASS" signature="tierdown()[pri:0, instance:com.sa.test.pages.HomePageTest@51565ec2]" name="tierdown" is-config="true" duration-ms="737" started-at="2018-11-27T17:15:24Z" finished-at="2018-11-27T17:15:24Z">
          <reporter-output>
          </reporter-output>
        </test-method> <!-- tierdown -->
      </class> <!-- com.sa.test.pages.HomePageTest -->
    </test> <!-- Default test -->
  </suite> <!-- Default suite -->
</testng-results>
