<?xml version="1.0" encoding="UTF-8"?>
<testng-results skipped="1" failed="1" total="2" passed="0">
  <reporter-output>
  </reporter-output>
  <suite name="Default suite" duration-ms="42704" started-at="2018-11-02T10:16:04Z" finished-at="2018-11-02T10:16:47Z">
    <groups>
    </groups>
    <test name="Default test" duration-ms="42704" started-at="2018-11-02T10:16:04Z" finished-at="2018-11-02T10:16:47Z">
      <class name="com.sa.test.pages.Staffaccesstypetest">
        <test-method status="PASS" signature="setup()[pri:0, instance:com.sa.test.pages.Staffaccesstypetest@51565ec2]" name="setup" is-config="true" duration-ms="29946" started-at="2018-11-02T15:46:04Z" finished-at="2018-11-02T15:46:34Z">
          <reporter-output>
          </reporter-output>
        </test-method> <!-- setup -->
        <test-method status="FAIL" signature="VerifyStaffDaysUpdatetest()[pri:0, instance:com.sa.test.pages.Staffaccesstypetest@51565ec2]" name="VerifyStaffDaysUpdatetest" duration-ms="11937" started-at="2018-11-02T15:46:34Z" finished-at="2018-11-02T15:46:46Z">
          <exception class="java.lang.AssertionError">
            <message>
              <![CDATA[expected [true] but found [false]]]>
            </message>
            <full-stacktrace>
              <![CDATA[java.lang.AssertionError: expected [true] but found [false]
	at org.testng.Assert.fail(Assert.java:94)
	at org.testng.Assert.failNotEquals(Assert.java:494)
	at org.testng.Assert.assertEquals(Assert.java:123)
	at org.testng.Assert.assertEquals(Assert.java:286)
	at org.testng.Assert.assertEquals(Assert.java:296)
	at com.sa.test.pages.Staffaccesstypetest.VerifyStaffDaysUpdatetest(Staffaccesstypetest.java:48)
	at sun.reflect.NativeMethodAccessorImpl.invoke0(Native Method)
	at sun.reflect.NativeMethodAccessorImpl.invoke(Unknown Source)
	at sun.reflect.DelegatingMethodAccessorImpl.invoke(Unknown Source)
	at java.lang.reflect.Method.invoke(Unknown Source)
	at org.testng.internal.MethodInvocationHelper.invokeMethod(MethodInvocationHelper.java:80)
	at org.testng.internal.Invoker.invokeMethod(Invoker.java:714)
	at org.testng.internal.Invoker.invokeTestMethod(Invoker.java:901)
	at org.testng.internal.Invoker.invokeTestMethods(Invoker.java:1231)
	at org.testng.internal.TestMethodWorker.invokeTestMethods(TestMethodWorker.java:127)
	at org.testng.internal.TestMethodWorker.run(TestMethodWorker.java:111)
	at org.testng.TestRunner.privateRun(TestRunner.java:767)
	at org.testng.TestRunner.run(TestRunner.java:617)
	at org.testng.SuiteRunner.runTest(SuiteRunner.java:334)
	at org.testng.SuiteRunner.runSequentially(SuiteRunner.java:329)
	at org.testng.SuiteRunner.privateRun(SuiteRunner.java:291)
	at org.testng.SuiteRunner.run(SuiteRunner.java:240)
	at org.testng.SuiteRunnerWorker.runSuite(SuiteRunnerWorker.java:52)
	at org.testng.SuiteRunnerWorker.run(SuiteRunnerWorker.java:86)
	at org.testng.TestNG.runSuitesSequentially(TestNG.java:1198)
	at org.testng.TestNG.runSuitesLocally(TestNG.java:1123)
	at org.testng.TestNG.run(TestNG.java:1031)
	at org.testng.remote.AbstractRemoteTestNG.run(AbstractRemoteTestNG.java:114)
	at org.testng.remote.RemoteTestNG.initAndRun(RemoteTestNG.java:251)
	at org.testng.remote.RemoteTestNG.main(RemoteTestNG.java:77)
]]>
            </full-stacktrace>
          </exception> <!-- java.lang.AssertionError -->
          <reporter-output>
          </reporter-output>
        </test-method> <!-- VerifyStaffDaysUpdatetest -->
        <test-method status="PASS" signature="close()[pri:0, instance:com.sa.test.pages.Staffaccesstypetest@51565ec2]" name="close" is-config="true" duration-ms="743" started-at="2018-11-02T15:46:46Z" finished-at="2018-11-02T15:46:47Z">
          <reporter-output>
          </reporter-output>
        </test-method> <!-- close -->
        <test-method status="SKIP" signature="verifyifaccesstypeselected()[pri:0, instance:com.sa.test.pages.Staffaccesstypetest@51565ec2]" name="verifyifaccesstypeselected" duration-ms="2" started-at="2018-11-02T15:46:47Z" depends-on-methods="com.sa.test.pages.Staffaccesstypetest.VerifyStaffDaysUpdatetest" finished-at="2018-11-02T15:46:47Z">
          <reporter-output>
          </reporter-output>
        </test-method> <!-- verifyifaccesstypeselected -->
      </class> <!-- com.sa.test.pages.Staffaccesstypetest -->
    </test> <!-- Default test -->
  </suite> <!-- Default suite -->
</testng-results>
