<?xml version="1.0" encoding="UTF-8"?>
<testng-results skipped="0" failed="1" total="1" passed="0">
  <reporter-output>
  </reporter-output>
  <suite name="Default suite" duration-ms="208182" started-at="2018-11-28T11:23:48Z" finished-at="2018-11-28T11:27:16Z">
    <groups>
    </groups>
    <test name="Default test" duration-ms="208182" started-at="2018-11-28T11:23:48Z" finished-at="2018-11-28T11:27:16Z">
      <class name="com.sa.test.pages.HomePageTest2">
        <test-method status="FAIL" signature="sparktest()[pri:0, instance:com.sa.test.pages.HomePageTest2@735b5592]" name="sparktest" duration-ms="208156" started-at="2018-11-28T16:53:48Z" finished-at="2018-11-28T16:57:16Z">
          <exception class="org.apache.xmlbeans.impl.values.XmlValueDisconnectedException">
            <full-stacktrace>
              <![CDATA[org.apache.xmlbeans.impl.values.XmlValueDisconnectedException
	at org.apache.xmlbeans.impl.values.XmlObjectBase.check_orphaned(XmlObjectBase.java:1213)
	at org.apache.xmlbeans.impl.values.XmlObjectBase.newCursor(XmlObjectBase.java:243)
	at org.apache.xmlbeans.impl.values.XmlComplexContentImpl.arraySetterHelper(XmlComplexContentImpl.java:1073)
	at org.openxmlformats.schemas.spreadsheetml.x2006.main.impl.CTFontsImpl.setFontArray(Unknown Source)
	at org.apache.poi.xssf.model.StylesTable.writeTo(StylesTable.java:385)
	at org.apache.poi.xssf.model.StylesTable.commit(StylesTable.java:443)
	at org.apache.poi.POIXMLDocumentPart.onSave(POIXMLDocumentPart.java:313)
	at org.apache.poi.POIXMLDocumentPart.onSave(POIXMLDocumentPart.java:317)
	at org.apache.poi.POIXMLDocument.write(POIXMLDocument.java:173)
	at com.sa.test.pages.HomePageTest2.excelfilewrite(HomePageTest2.java:55)
	at com.sa.test.pages.HomePageTest2.sparktest(HomePageTest2.java:140)
	at sun.reflect.NativeMethodAccessorImpl.invoke0(Native Method)
	at sun.reflect.NativeMethodAccessorImpl.invoke(Unknown Source)
	at sun.reflect.DelegatingMethodAccessorImpl.invoke(Unknown Source)
	at java.lang.reflect.Method.invoke(Unknown Source)
	at org.testng.internal.MethodInvocationHelper.invokeMethod(MethodInvocationHelper.java:80)
	at org.testng.internal.Invoker.invokeMethod(Invoker.java:714)
	at org.testng.internal.Invoker.invokeTestMethod(Invoker.java:901)
	at org.testng.internal.Invoker.invokeTestMethods(Invoker.java:1231)
	at org.testng.internal.TestMethodWorker.invokeTestMethods(TestMethodWorker.java:127)
	at org.testng.internal.TestMethodWorker.run(TestMethodWorker.java:111)
	at org.testng.TestRunner.privateRun(TestRunner.java:767)
	at org.testng.TestRunner.run(TestRunner.java:617)
	at org.testng.SuiteRunner.runTest(SuiteRunner.java:334)
	at org.testng.SuiteRunner.runSequentially(SuiteRunner.java:329)
	at org.testng.SuiteRunner.privateRun(SuiteRunner.java:291)
	at org.testng.SuiteRunner.run(SuiteRunner.java:240)
	at org.testng.SuiteRunnerWorker.runSuite(SuiteRunnerWorker.java:52)
	at org.testng.SuiteRunnerWorker.run(SuiteRunnerWorker.java:86)
	at org.testng.TestNG.runSuitesSequentially(TestNG.java:1198)
	at org.testng.TestNG.runSuitesLocally(TestNG.java:1123)
	at org.testng.TestNG.run(TestNG.java:1031)
	at org.testng.remote.AbstractRemoteTestNG.run(AbstractRemoteTestNG.java:114)
	at org.testng.remote.RemoteTestNG.initAndRun(RemoteTestNG.java:251)
	at org.testng.remote.RemoteTestNG.main(RemoteTestNG.java:77)
]]>
            </full-stacktrace>
          </exception> <!-- org.apache.xmlbeans.impl.values.XmlValueDisconnectedException -->
          <reporter-output>
          </reporter-output>
        </test-method> <!-- sparktest -->
      </class> <!-- com.sa.test.pages.HomePageTest2 -->
    </test> <!-- Default test -->
  </suite> <!-- Default suite -->
</testng-results>
