<?xml version="1.0" encoding="UTF-8"?>
<testng-results skipped="0" failed="0" total="1" passed="1">
  <reporter-output>
  </reporter-output>
  <suite name="Default suite" duration-ms="111503" started-at="2018-11-23T18:08:05Z" finished-at="2018-11-23T18:09:57Z">
    <groups>
    </groups>
    <test name="Default test" duration-ms="111503" started-at="2018-11-23T18:08:05Z" finished-at="2018-11-23T18:09:57Z">
      <class name="com.sa.test.pages.HomePageTest">
        <test-method status="PASS" signature="setup1()[pri:0, instance:com.sa.test.pages.HomePageTest@5c7fa833]" name="setup1" is-config="true" duration-ms="45929" started-at="2018-11-23T23:38:05Z" finished-at="2018-11-23T23:38:51Z">
          <reporter-output>
          </reporter-output>
        </test-method> <!-- setup1 -->
        <test-method status="PASS" signature="MVT()[pri:0, instance:com.sa.test.pages.HomePageTest@5c7fa833]" name="MVT" duration-ms="65433" started-at="2018-11-23T23:38:51Z" finished-at="2018-11-23T23:39:56Z">
          <reporter-output>
          </reporter-output>
        </test-method> <!-- MVT -->
        <test-method status="PASS" signature="tierdown()[pri:0, instance:com.sa.test.pages.HomePageTest@5c7fa833]" name="tierdown" is-config="true" duration-ms="126" started-at="2018-11-23T23:39:56Z" finished-at="2018-11-23T23:39:57Z">
          <reporter-output>
          </reporter-output>
        </test-method> <!-- tierdown -->
      </class> <!-- com.sa.test.pages.HomePageTest -->
    </test> <!-- Default test -->
  </suite> <!-- Default suite -->
</testng-results>
