<?xml version="1.0" encoding="UTF-8"?>
<testng-results skipped="0" failed="0" total="1" passed="1">
  <reporter-output>
  </reporter-output>
  <suite name="Default suite" duration-ms="6339" started-at="2018-11-08T15:58:48Z" finished-at="2018-11-08T15:58:55Z">
    <groups>
    </groups>
    <test name="Default test" duration-ms="6339" started-at="2018-11-08T15:58:48Z" finished-at="2018-11-08T15:58:55Z">
      <class name="com.sa.test.pages.HomePageLinks">
        <test-method status="PASS" signature="links()[pri:0, instance:com.sa.test.pages.HomePageLinks@735b5592]" name="links" duration-ms="6320" started-at="2018-11-08T21:28:49Z" finished-at="2018-11-08T21:28:55Z">
          <reporter-output>
          </reporter-output>
        </test-method> <!-- links -->
      </class> <!-- com.sa.test.pages.HomePageLinks -->
    </test> <!-- Default test -->
  </suite> <!-- Default suite -->
</testng-results>
