<?xml version="1.0" encoding="UTF-8"?>
<testng-results skipped="2" failed="0" total="4" passed="2">
  <reporter-output>
  </reporter-output>
  <suite name="Default suite" duration-ms="425631" started-at="2018-11-25T14:01:50Z" finished-at="2018-11-25T14:08:55Z">
    <groups>
    </groups>
    <test name="Default test" duration-ms="425631" started-at="2018-11-25T14:01:50Z" finished-at="2018-11-25T14:08:55Z">
      <class name="com.sa.test.pages.HomePageTest">
        <test-method status="PASS" signature="setup()[pri:0, instance:com.sa.test.pages.HomePageTest@724af044]" name="setup" is-config="true" duration-ms="131248" started-at="2018-11-25T19:31:50Z" finished-at="2018-11-25T19:34:01Z">
          <reporter-output>
          </reporter-output>
        </test-method> <!-- setup -->
        <test-method status="PASS" signature="MVT(java.lang.String)[pri:0, instance:com.sa.test.pages.HomePageTest@724af044]" name="MVT" duration-ms="40040" started-at="2018-11-25T19:34:01Z" data-provider="acountss" finished-at="2018-11-25T19:34:41Z">
          <params>
            <param index="0">
              <value>
                <![CDATA[AP106-15]]>
              </value>
            </param>
          </params>
          <reporter-output>
          </reporter-output>
        </test-method> <!-- MVT -->
        <test-method status="PASS" signature="tierdown()[pri:0, instance:com.sa.test.pages.HomePageTest@724af044]" name="tierdown" is-config="true" duration-ms="112" started-at="2018-11-25T19:34:41Z" finished-at="2018-11-25T19:34:42Z">
          <reporter-output>
          </reporter-output>
        </test-method> <!-- tierdown -->
        <test-method status="PASS" signature="setup()[pri:0, instance:com.sa.test.pages.HomePageTest@724af044]" name="setup" is-config="true" duration-ms="11599" started-at="2018-11-25T19:34:42Z" finished-at="2018-11-25T19:34:53Z">
          <reporter-output>
          </reporter-output>
        </test-method> <!-- setup -->
        <test-method status="PASS" signature="MVT(java.lang.String)[pri:0, instance:com.sa.test.pages.HomePageTest@724af044]" name="MVT" duration-ms="160558" started-at="2018-11-25T19:34:53Z" data-provider="acountss" finished-at="2018-11-25T19:37:34Z">
          <params>
            <param index="0">
              <value>
                <![CDATA[AP394-357]]>
              </value>
            </param>
          </params>
          <reporter-output>
          </reporter-output>
        </test-method> <!-- MVT -->
        <test-method status="PASS" signature="tierdown()[pri:0, instance:com.sa.test.pages.HomePageTest@724af044]" name="tierdown" is-config="true" duration-ms="112" started-at="2018-11-25T19:37:34Z" finished-at="2018-11-25T19:37:34Z">
          <reporter-output>
          </reporter-output>
        </test-method> <!-- tierdown -->
        <test-method status="FAIL" signature="setup()[pri:0, instance:com.sa.test.pages.HomePageTest@724af044]" name="setup" is-config="true" duration-ms="0" started-at="2018-11-25T19:37:34Z" finished-at="2018-11-25T19:37:34Z">
          <exception class="org.openqa.selenium.TimeoutException">
            <message>
              <![CDATA[timeout
  (Session info: chrome=70.0.3538.110)
  (Driver info: chromedriver=2.43.600229 (3fae4d0cda5334b4f533bede5a4787f7b832d052),platform=Mac OS X 10.13.6 x86_64) (WARNING: The server did not provide any stacktrace information)
Command duration or timeout: 0 milliseconds
Build info: version: '3.13.0', revision: '2f0d292', time: '2018-06-25T15:24:21.231Z'
System info: host: 'Anveshs-MacBook-Air.local', ip: 'fe80:0:0:0:c56:69c2:db22:e7dd%en0', os.name: 'Mac OS X', os.arch: 'x86_64', os.version: '10.13.6', java.version: '1.8.0_181'
Driver info: org.openqa.selenium.chrome.ChromeDriver
Capabilities {acceptInsecureCerts: false, acceptSslCerts: false, applicationCacheEnabled: false, browserConnectionEnabled: false, browserName: chrome, chrome: {chromedriverVersion: 2.43.600229 (3fae4d0cda5334..., userDataDir: /var/folders/mr/3wvz10w50vg...}, cssSelectorsEnabled: true, databaseEnabled: false, goog:chromeOptions: {debuggerAddress: localhost:54013}, handlesAlerts: true, hasTouchScreen: false, javascriptEnabled: true, locationContextEnabled: true, mobileEmulationEnabled: false, nativeEvents: true, networkConnectionEnabled: false, pageLoadStrategy: normal, platform: MAC, platformName: MAC, rotatable: false, setWindowRect: true, takesHeapSnapshot: true, takesScreenshot: true, unexpectedAlertBehaviour: , unhandledPromptBehavior: , version: 70.0.3538.110, webStorageEnabled: true}
Session ID: 50dde527ea76c7a8ac105e141d8886d6]]>
            </message>
            <full-stacktrace>
              <![CDATA[org.openqa.selenium.TimeoutException: timeout
  (Session info: chrome=70.0.3538.110)
  (Driver info: chromedriver=2.43.600229 (3fae4d0cda5334b4f533bede5a4787f7b832d052),platform=Mac OS X 10.13.6 x86_64) (WARNING: The server did not provide any stacktrace information)
Command duration or timeout: 0 milliseconds
Build info: version: '3.13.0', revision: '2f0d292', time: '2018-06-25T15:24:21.231Z'
System info: host: 'Anveshs-MacBook-Air.local', ip: 'fe80:0:0:0:c56:69c2:db22:e7dd%en0', os.name: 'Mac OS X', os.arch: 'x86_64', os.version: '10.13.6', java.version: '1.8.0_181'
Driver info: org.openqa.selenium.chrome.ChromeDriver
Capabilities {acceptInsecureCerts: false, acceptSslCerts: false, applicationCacheEnabled: false, browserConnectionEnabled: false, browserName: chrome, chrome: {chromedriverVersion: 2.43.600229 (3fae4d0cda5334..., userDataDir: /var/folders/mr/3wvz10w50vg...}, cssSelectorsEnabled: true, databaseEnabled: false, goog:chromeOptions: {debuggerAddress: localhost:54013}, handlesAlerts: true, hasTouchScreen: false, javascriptEnabled: true, locationContextEnabled: true, mobileEmulationEnabled: false, nativeEvents: true, networkConnectionEnabled: false, pageLoadStrategy: normal, platform: MAC, platformName: MAC, rotatable: false, setWindowRect: true, takesHeapSnapshot: true, takesScreenshot: true, unexpectedAlertBehaviour: , unhandledPromptBehavior: , version: 70.0.3538.110, webStorageEnabled: true}
Session ID: 50dde527ea76c7a8ac105e141d8886d6
	at sun.reflect.NativeConstructorAccessorImpl.newInstance0(Native Method)
	at sun.reflect.NativeConstructorAccessorImpl.newInstance(NativeConstructorAccessorImpl.java:62)
	at sun.reflect.DelegatingConstructorAccessorImpl.newInstance(DelegatingConstructorAccessorImpl.java:45)
	at java.lang.reflect.Constructor.newInstance(Constructor.java:423)
	at org.openqa.selenium.remote.ErrorHandler.createThrowable(ErrorHandler.java:214)
	at org.openqa.selenium.remote.ErrorHandler.throwIfResponseFailed(ErrorHandler.java:166)
	at org.openqa.selenium.remote.http.JsonHttpResponseCodec.reconstructValue(JsonHttpResponseCodec.java:40)
	at org.openqa.selenium.remote.http.AbstractHttpResponseCodec.decode(AbstractHttpResponseCodec.java:80)
	at org.openqa.selenium.remote.http.AbstractHttpResponseCodec.decode(AbstractHttpResponseCodec.java:44)
	at org.openqa.selenium.remote.HttpCommandExecutor.execute(HttpCommandExecutor.java:158)
	at org.openqa.selenium.remote.service.DriverCommandExecutor.execute(DriverCommandExecutor.java:83)
	at org.openqa.selenium.remote.RemoteWebDriver.execute(RemoteWebDriver.java:548)
	at org.openqa.selenium.remote.RemoteWebDriver.get(RemoteWebDriver.java:276)
	at testbasepackage.TestBase.initizlization(TestBase.java:64)
	at com.sa.test.pages.HomePageTest.setup(HomePageTest.java:48)
	at sun.reflect.NativeMethodAccessorImpl.invoke0(Native Method)
	at sun.reflect.NativeMethodAccessorImpl.invoke(NativeMethodAccessorImpl.java:62)
	at sun.reflect.DelegatingMethodAccessorImpl.invoke(DelegatingMethodAccessorImpl.java:43)
	at java.lang.reflect.Method.invoke(Method.java:498)
	at org.testng.internal.MethodInvocationHelper.invokeMethod(MethodInvocationHelper.java:80)
	at org.testng.internal.Invoker.invokeConfigurationMethod(Invoker.java:564)
	at org.testng.internal.Invoker.invokeConfigurations(Invoker.java:213)
	at org.testng.internal.Invoker.invokeMethod(Invoker.java:653)
	at org.testng.internal.Invoker.invokeTestMethod(Invoker.java:901)
	at org.testng.internal.Invoker.invokeTestMethods(Invoker.java:1231)
	at org.testng.internal.TestMethodWorker.invokeTestMethods(TestMethodWorker.java:127)
	at org.testng.internal.TestMethodWorker.run(TestMethodWorker.java:111)
	at org.testng.TestRunner.privateRun(TestRunner.java:767)
	at org.testng.TestRunner.run(TestRunner.java:617)
	at org.testng.SuiteRunner.runTest(SuiteRunner.java:334)
	at org.testng.SuiteRunner.runSequentially(SuiteRunner.java:329)
	at org.testng.SuiteRunner.privateRun(SuiteRunner.java:291)
	at org.testng.SuiteRunner.run(SuiteRunner.java:240)
	at org.testng.SuiteRunnerWorker.runSuite(SuiteRunnerWorker.java:52)
	at org.testng.SuiteRunnerWorker.run(SuiteRunnerWorker.java:86)
	at org.testng.TestNG.runSuitesSequentially(TestNG.java:1198)
	at org.testng.TestNG.runSuitesLocally(TestNG.java:1123)
	at org.testng.TestNG.run(TestNG.java:1031)
	at org.testng.remote.AbstractRemoteTestNG.run(AbstractRemoteTestNG.java:114)
	at org.testng.remote.RemoteTestNG.initAndRun(RemoteTestNG.java:251)
	at org.testng.remote.RemoteTestNG.main(RemoteTestNG.java:77)
]]>
            </full-stacktrace>
          </exception> <!-- org.openqa.selenium.TimeoutException -->
          <reporter-output>
          </reporter-output>
        </test-method> <!-- setup -->
        <test-method status="SKIP" signature="MVT(java.lang.String)[pri:0, instance:com.sa.test.pages.HomePageTest@724af044]" name="MVT" duration-ms="2" started-at="2018-11-25T19:38:55Z" data-provider="acountss" finished-at="2018-11-25T19:38:55Z">
          <params>
            <param index="0">
              <value>
                <![CDATA[AP156-463]]>
              </value>
            </param>
          </params>
          <reporter-output>
          </reporter-output>
        </test-method> <!-- MVT -->
        <test-method status="SKIP" signature="tierdown()[pri:0, instance:com.sa.test.pages.HomePageTest@724af044]" name="tierdown" is-config="true" duration-ms="0" started-at="2018-11-25T19:38:55Z" finished-at="2018-11-25T19:38:55Z">
          <reporter-output>
          </reporter-output>
        </test-method> <!-- tierdown -->
        <test-method status="SKIP" signature="setup()[pri:0, instance:com.sa.test.pages.HomePageTest@724af044]" name="setup" is-config="true" duration-ms="0" started-at="2018-11-25T19:38:55Z" finished-at="2018-11-25T19:38:55Z">
          <reporter-output>
          </reporter-output>
        </test-method> <!-- setup -->
        <test-method status="SKIP" signature="MVT(java.lang.String)[pri:0, instance:com.sa.test.pages.HomePageTest@724af044]" name="MVT" duration-ms="2" started-at="2018-11-25T19:38:55Z" data-provider="acountss" finished-at="2018-11-25T19:38:55Z">
          <params>
            <param index="0">
              <value>
                <![CDATA[AP319-86]]>
              </value>
            </param>
          </params>
          <reporter-output>
          </reporter-output>
        </test-method> <!-- MVT -->
        <test-method status="SKIP" signature="tierdown()[pri:0, instance:com.sa.test.pages.HomePageTest@724af044]" name="tierdown" is-config="true" duration-ms="0" started-at="2018-11-25T19:38:55Z" finished-at="2018-11-25T19:38:55Z">
          <reporter-output>
          </reporter-output>
        </test-method> <!-- tierdown -->
      </class> <!-- com.sa.test.pages.HomePageTest -->
    </test> <!-- Default test -->
  </suite> <!-- Default suite -->
</testng-results>
