<?xml version="1.0" encoding="UTF-8"?>
<testng-results skipped="0" failed="0" total="2" passed="2">
  <reporter-output>
  </reporter-output>
  <suite name="Default suite" duration-ms="29095" started-at="2018-10-16T06:56:41Z" finished-at="2018-10-16T06:57:10Z">
    <groups>
      <group name="loginpages">
        <method signature="Loginpagetest.aplogotest()[pri:0, instance:com.sa.test.pages.Loginpagetest@20e2cbe0]" name="aplogotest" class="com.sa.test.pages.Loginpagetest"/>
        <method signature="Loginpagetest.verify()[pri:0, instance:com.sa.test.pages.Loginpagetest@20e2cbe0]" name="verify" class="com.sa.test.pages.Loginpagetest"/>
      </group> <!-- loginpages -->
    </groups>
    <test name="Default test" duration-ms="29095" started-at="2018-10-16T06:56:41Z" finished-at="2018-10-16T06:57:10Z">
      <class name="com.sa.test.pages.Loginpagetest">
        <test-method status="PASS" signature="setup()[pri:0, instance:com.sa.test.pages.Loginpagetest@20e2cbe0]" name="setup" is-config="true" duration-ms="7191" started-at="2018-10-16T12:26:41Z" finished-at="2018-10-16T12:26:48Z">
          <reporter-output>
          </reporter-output>
        </test-method> <!-- setup -->
        <test-method status="PASS" signature="aplogotest()[pri:0, instance:com.sa.test.pages.Loginpagetest@20e2cbe0]" name="aplogotest" duration-ms="86" started-at="2018-10-16T12:26:48Z" finished-at="2018-10-16T12:26:48Z">
          <reporter-output>
          </reporter-output>
        </test-method> <!-- aplogotest -->
        <test-method status="PASS" signature="close()[pri:0, instance:com.sa.test.pages.Loginpagetest@20e2cbe0]" name="close" is-config="true" duration-ms="675" started-at="2018-10-16T12:26:48Z" finished-at="2018-10-16T12:26:49Z">
          <reporter-output>
          </reporter-output>
        </test-method> <!-- close -->
        <test-method status="PASS" signature="setup()[pri:0, instance:com.sa.test.pages.Loginpagetest@20e2cbe0]" name="setup" is-config="true" duration-ms="5806" started-at="2018-10-16T12:26:49Z" finished-at="2018-10-16T12:26:55Z">
          <reporter-output>
          </reporter-output>
        </test-method> <!-- setup -->
        <test-method status="PASS" signature="verify()[pri:0, instance:com.sa.test.pages.Loginpagetest@20e2cbe0]" name="verify" duration-ms="14608" started-at="2018-10-16T12:26:55Z" finished-at="2018-10-16T12:27:09Z">
          <reporter-output>
          </reporter-output>
        </test-method> <!-- verify -->
        <test-method status="PASS" signature="close()[pri:0, instance:com.sa.test.pages.Loginpagetest@20e2cbe0]" name="close" is-config="true" duration-ms="709" started-at="2018-10-16T12:27:09Z" finished-at="2018-10-16T12:27:10Z">
          <reporter-output>
          </reporter-output>
        </test-method> <!-- close -->
      </class> <!-- com.sa.test.pages.Loginpagetest -->
    </test> <!-- Default test -->
  </suite> <!-- Default suite -->
</testng-results>
