<?xml version="1.0" encoding="UTF-8"?>
<testng-results skipped="0" failed="0" total="4" passed="4">
  <reporter-output>
  </reporter-output>
  <suite name="Default suite" duration-ms="269433" started-at="2018-11-26T07:52:50Z" finished-at="2018-11-26T07:57:20Z">
    <groups>
    </groups>
    <test name="Default test" duration-ms="269433" started-at="2018-11-26T07:52:50Z" finished-at="2018-11-26T07:57:20Z">
      <class name="com.sa.test.pages.HomePageTest">
        <test-method status="PASS" signature="setup()[pri:0, instance:com.sa.test.pages.HomePageTest@51565ec2]" name="setup" is-config="true" duration-ms="16141" started-at="2018-11-26T13:22:51Z" finished-at="2018-11-26T13:23:07Z">
          <reporter-output>
          </reporter-output>
        </test-method> <!-- setup -->
        <test-method status="PASS" signature="MVT(java.lang.String)[pri:0, instance:com.sa.test.pages.HomePageTest@51565ec2]" name="MVT" duration-ms="29633" started-at="2018-11-26T13:23:07Z" data-provider="acountss" finished-at="2018-11-26T13:23:37Z">
          <params>
            <param index="0">
              <value>
                <![CDATA[AP266-3333]]>
              </value>
            </param>
          </params>
          <reporter-output>
          </reporter-output>
        </test-method> <!-- MVT -->
        <test-method status="PASS" signature="tierdown()[pri:0, instance:com.sa.test.pages.HomePageTest@51565ec2]" name="tierdown" is-config="true" duration-ms="893" started-at="2018-11-26T13:23:37Z" finished-at="2018-11-26T13:23:38Z">
          <reporter-output>
          </reporter-output>
        </test-method> <!-- tierdown -->
        <test-method status="PASS" signature="setup()[pri:0, instance:com.sa.test.pages.HomePageTest@51565ec2]" name="setup" is-config="true" duration-ms="11170" started-at="2018-11-26T13:23:38Z" finished-at="2018-11-26T13:23:49Z">
          <reporter-output>
          </reporter-output>
        </test-method> <!-- setup -->
        <test-method status="PASS" signature="MVT(java.lang.String)[pri:0, instance:com.sa.test.pages.HomePageTest@51565ec2]" name="MVT" duration-ms="115852" started-at="2018-11-26T13:23:49Z" data-provider="acountss" finished-at="2018-11-26T13:25:45Z">
          <params>
            <param index="0">
              <value>
                <![CDATA[AP266-3339]]>
              </value>
            </param>
          </params>
          <reporter-output>
          </reporter-output>
        </test-method> <!-- MVT -->
        <test-method status="PASS" signature="tierdown()[pri:0, instance:com.sa.test.pages.HomePageTest@51565ec2]" name="tierdown" is-config="true" duration-ms="847" started-at="2018-11-26T13:25:45Z" finished-at="2018-11-26T13:25:45Z">
          <reporter-output>
          </reporter-output>
        </test-method> <!-- tierdown -->
        <test-method status="PASS" signature="setup()[pri:0, instance:com.sa.test.pages.HomePageTest@51565ec2]" name="setup" is-config="true" duration-ms="11009" started-at="2018-11-26T13:25:45Z" finished-at="2018-11-26T13:25:56Z">
          <reporter-output>
          </reporter-output>
        </test-method> <!-- setup -->
        <test-method status="PASS" signature="MVT(java.lang.String)[pri:0, instance:com.sa.test.pages.HomePageTest@51565ec2]" name="MVT" duration-ms="31288" started-at="2018-11-26T13:25:56Z" data-provider="acountss" finished-at="2018-11-26T13:26:28Z">
          <params>
            <param index="0">
              <value>
                <![CDATA[AP268-125]]>
              </value>
            </param>
          </params>
          <reporter-output>
          </reporter-output>
        </test-method> <!-- MVT -->
        <test-method status="PASS" signature="tierdown()[pri:0, instance:com.sa.test.pages.HomePageTest@51565ec2]" name="tierdown" is-config="true" duration-ms="827" started-at="2018-11-26T13:26:28Z" finished-at="2018-11-26T13:26:29Z">
          <reporter-output>
          </reporter-output>
        </test-method> <!-- tierdown -->
        <test-method status="PASS" signature="setup()[pri:0, instance:com.sa.test.pages.HomePageTest@51565ec2]" name="setup" is-config="true" duration-ms="10819" started-at="2018-11-26T13:26:29Z" finished-at="2018-11-26T13:26:39Z">
          <reporter-output>
          </reporter-output>
        </test-method> <!-- setup -->
        <test-method status="PASS" signature="MVT(java.lang.String)[pri:0, instance:com.sa.test.pages.HomePageTest@51565ec2]" name="MVT" duration-ms="39556" started-at="2018-11-26T13:26:39Z" data-provider="acountss" finished-at="2018-11-26T13:27:19Z">
          <params>
            <param index="0">
              <value>
                <![CDATA[AP270-470]]>
              </value>
            </param>
          </params>
          <reporter-output>
          </reporter-output>
        </test-method> <!-- MVT -->
        <test-method status="PASS" signature="tierdown()[pri:0, instance:com.sa.test.pages.HomePageTest@51565ec2]" name="tierdown" is-config="true" duration-ms="756" started-at="2018-11-26T13:27:19Z" finished-at="2018-11-26T13:27:20Z">
          <reporter-output>
          </reporter-output>
        </test-method> <!-- tierdown -->
      </class> <!-- com.sa.test.pages.HomePageTest -->
    </test> <!-- Default test -->
  </suite> <!-- Default suite -->
</testng-results>
