<?xml version="1.0" encoding="UTF-8"?>
<testng-results skipped="0" failed="0" total="1" passed="1">
  <reporter-output>
  </reporter-output>
  <suite name="Default suite" duration-ms="79181" started-at="2018-12-22T13:16:37Z" finished-at="2018-12-22T13:17:56Z">
    <groups>
    </groups>
    <test name="Default test" duration-ms="79181" started-at="2018-12-22T13:16:37Z" finished-at="2018-12-22T13:17:56Z">
      <class name="com.sa.test.pages.CancelApptFromApptHistory">
        <test-method status="PASS" signature="setup()[pri:0, instance:com.sa.test.pages.CancelApptFromApptHistory@5e3a8624]" name="setup" is-config="true" duration-ms="48816" started-at="2018-12-22T18:46:37Z" finished-at="2018-12-22T18:47:26Z">
          <reporter-output>
          </reporter-output>
        </test-method> <!-- setup -->
        <test-method status="PASS" signature="cancelapptfromappthistory()[pri:0, instance:com.sa.test.pages.CancelApptFromApptHistory@5e3a8624]" name="cancelapptfromappthistory" duration-ms="24195" started-at="2018-12-22T18:47:26Z" finished-at="2018-12-22T18:47:50Z">
          <reporter-output>
          </reporter-output>
        </test-method> <!-- cancelapptfromappthistory -->
        <test-method status="PASS" signature="teardown()[pri:0, instance:com.sa.test.pages.CancelApptFromApptHistory@5e3a8624]" name="teardown" is-config="true" duration-ms="6151" started-at="2018-12-22T18:47:50Z" finished-at="2018-12-22T18:47:56Z">
          <reporter-output>
          </reporter-output>
        </test-method> <!-- teardown -->
      </class> <!-- com.sa.test.pages.CancelApptFromApptHistory -->
    </test> <!-- Default test -->
  </suite> <!-- Default suite -->
</testng-results>
