<?xml version="1.0" encoding="UTF-8"?>
<testng-results skipped="0" failed="0" total="1" passed="1">
  <reporter-output>
  </reporter-output>
  <suite name="Default suite" duration-ms="36212" started-at="2018-11-21T10:59:09Z" finished-at="2018-11-21T10:59:45Z">
    <groups>
    </groups>
    <test name="Default test" duration-ms="36212" started-at="2018-11-21T10:59:09Z" finished-at="2018-11-21T10:59:45Z">
      <class name="com.sa.test.pages.HomePageTest">
        <test-method status="PASS" signature="setup()[pri:0, instance:com.sa.test.pages.HomePageTest@28feb3fa]" name="setup" is-config="true" duration-ms="24958" started-at="2018-11-21T16:29:09Z" finished-at="2018-11-21T16:29:34Z">
          <reporter-output>
          </reporter-output>
        </test-method> <!-- setup -->
        <test-method status="PASS" signature="calendar()[pri:0, instance:com.sa.test.pages.HomePageTest@28feb3fa]" name="calendar" duration-ms="10373" started-at="2018-11-21T16:29:34Z" finished-at="2018-11-21T16:29:44Z">
          <reporter-output>
          </reporter-output>
        </test-method> <!-- calendar -->
        <test-method status="PASS" signature="tierdown()[pri:0, instance:com.sa.test.pages.HomePageTest@28feb3fa]" name="tierdown" is-config="true" duration-ms="859" started-at="2018-11-21T16:29:44Z" finished-at="2018-11-21T16:29:45Z">
          <reporter-output>
          </reporter-output>
        </test-method> <!-- tierdown -->
      </class> <!-- com.sa.test.pages.HomePageTest -->
    </test> <!-- Default test -->
  </suite> <!-- Default suite -->
</testng-results>
