<?xml version="1.0" encoding="UTF-8"?>
<testng-results skipped="0" failed="0" total="2" passed="2">
  <reporter-output>
  </reporter-output>
  <suite name="Default suite" duration-ms="40986" started-at="2018-10-29T04:57:01Z" finished-at="2018-10-29T04:57:41Z">
    <groups>
      <group name="loginpages">
        <method signature="Loginpagetest.aplogotest()[pri:0, instance:com.sa.test.pages.Loginpagetest@5c7fa833]" name="aplogotest" class="com.sa.test.pages.Loginpagetest"/>
        <method signature="Loginpagetest.verify()[pri:0, instance:com.sa.test.pages.Loginpagetest@5c7fa833]" name="verify" class="com.sa.test.pages.Loginpagetest"/>
      </group> <!-- loginpages -->
    </groups>
    <test name="Default test" duration-ms="40986" started-at="2018-10-29T04:57:01Z" finished-at="2018-10-29T04:57:41Z">
      <class name="com.sa.test.pages.Loginpagetest">
        <test-method status="PASS" signature="setup()[pri:0, instance:com.sa.test.pages.Loginpagetest@5c7fa833]" name="setup" is-config="true" duration-ms="9195" started-at="2018-10-29T10:27:01Z" finished-at="2018-10-29T10:27:10Z">
          <reporter-output>
          </reporter-output>
        </test-method> <!-- setup -->
        <test-method status="PASS" signature="aplogotest()[pri:0, instance:com.sa.test.pages.Loginpagetest@5c7fa833]" name="aplogotest" duration-ms="80" started-at="2018-10-29T10:27:10Z" finished-at="2018-10-29T10:27:10Z">
          <reporter-output>
          </reporter-output>
        </test-method> <!-- aplogotest -->
        <test-method status="PASS" signature="close()[pri:0, instance:com.sa.test.pages.Loginpagetest@5c7fa833]" name="close" is-config="true" duration-ms="102" started-at="2018-10-29T10:27:10Z" finished-at="2018-10-29T10:27:10Z">
          <reporter-output>
          </reporter-output>
        </test-method> <!-- close -->
        <test-method status="PASS" signature="setup()[pri:0, instance:com.sa.test.pages.Loginpagetest@5c7fa833]" name="setup" is-config="true" duration-ms="7367" started-at="2018-10-29T10:27:10Z" finished-at="2018-10-29T10:27:17Z">
          <reporter-output>
          </reporter-output>
        </test-method> <!-- setup -->
        <test-method status="PASS" signature="verify()[pri:0, instance:com.sa.test.pages.Loginpagetest@5c7fa833]" name="verify" duration-ms="24117" started-at="2018-10-29T10:27:17Z" finished-at="2018-10-29T10:27:41Z">
          <reporter-output>
          </reporter-output>
        </test-method> <!-- verify -->
        <test-method status="PASS" signature="close()[pri:0, instance:com.sa.test.pages.Loginpagetest@5c7fa833]" name="close" is-config="true" duration-ms="104" started-at="2018-10-29T10:27:41Z" finished-at="2018-10-29T10:27:41Z">
          <reporter-output>
          </reporter-output>
        </test-method> <!-- close -->
      </class> <!-- com.sa.test.pages.Loginpagetest -->
    </test> <!-- Default test -->
  </suite> <!-- Default suite -->
</testng-results>
