<?xml version="1.0" encoding="UTF-8"?>
<testng-results skipped="0" failed="0" total="4" passed="4">
  <reporter-output>
  </reporter-output>
  <suite name="Default suite" duration-ms="71317" started-at="2018-10-24T10:53:28Z" finished-at="2018-10-24T10:54:40Z">
    <groups>
    </groups>
    <test name="Default test" duration-ms="71317" started-at="2018-10-24T10:53:28Z" finished-at="2018-10-24T10:54:40Z">
      <class name="justtests.ExcelTest">
        <test-method status="PASS" signature="setup()[pri:0, instance:justtests.ExcelTest@1593948d]" name="setup" is-config="true" duration-ms="12517" started-at="2018-10-24T16:23:29Z" finished-at="2018-10-24T16:23:42Z">
          <reporter-output>
          </reporter-output>
        </test-method> <!-- setup -->
        <test-method status="PASS" signature="signuptest(java.lang.String, java.lang.String, java.lang.String, java.lang.String)[pri:0, instance:justtests.ExcelTest@1593948d]" name="signuptest" duration-ms="5072" started-at="2018-10-24T16:23:42Z" data-provider="thisisdata" finished-at="2018-10-24T16:23:47Z">
          <params>
            <param index="0">
              <value>
                <![CDATA[ap1]]>
              </value>
            </param>
            <param index="1">
              <value>
                <![CDATA[aP1]]>
              </value>
            </param>
            <param index="2">
              <value>
                <![CDATA[ap@g.com]]>
              </value>
            </param>
            <param index="3">
              <value>
                <![CDATA[123-1]]>
              </value>
            </param>
          </params>
          <reporter-output>
          </reporter-output>
        </test-method> <!-- signuptest -->
        <test-method status="PASS" signature="teardown()[pri:0, instance:justtests.ExcelTest@1593948d]" name="teardown" is-config="true" duration-ms="769" started-at="2018-10-24T16:23:47Z" finished-at="2018-10-24T16:23:48Z">
          <reporter-output>
          </reporter-output>
        </test-method> <!-- teardown -->
        <test-method status="PASS" signature="setup()[pri:0, instance:justtests.ExcelTest@1593948d]" name="setup" is-config="true" duration-ms="11443" started-at="2018-10-24T16:23:48Z" finished-at="2018-10-24T16:23:59Z">
          <reporter-output>
          </reporter-output>
        </test-method> <!-- setup -->
        <test-method status="PASS" signature="signuptest(java.lang.String, java.lang.String, java.lang.String, java.lang.String)[pri:0, instance:justtests.ExcelTest@1593948d]" name="signuptest" duration-ms="4756" started-at="2018-10-24T16:23:59Z" data-provider="thisisdata" finished-at="2018-10-24T16:24:04Z">
          <params>
            <param index="0">
              <value>
                <![CDATA[ap2]]>
              </value>
            </param>
            <param index="1">
              <value>
                <![CDATA[ap2]]>
              </value>
            </param>
            <param index="2">
              <value>
                <![CDATA[ap1@g.com]]>
              </value>
            </param>
            <param index="3">
              <value>
                <![CDATA[124-2]]>
              </value>
            </param>
          </params>
          <reporter-output>
          </reporter-output>
        </test-method> <!-- signuptest -->
        <test-method status="PASS" signature="teardown()[pri:0, instance:justtests.ExcelTest@1593948d]" name="teardown" is-config="true" duration-ms="804" started-at="2018-10-24T16:24:04Z" finished-at="2018-10-24T16:24:05Z">
          <reporter-output>
          </reporter-output>
        </test-method> <!-- teardown -->
        <test-method status="PASS" signature="setup()[pri:0, instance:justtests.ExcelTest@1593948d]" name="setup" is-config="true" duration-ms="11141" started-at="2018-10-24T16:24:05Z" finished-at="2018-10-24T16:24:16Z">
          <reporter-output>
          </reporter-output>
        </test-method> <!-- setup -->
        <test-method status="PASS" signature="signuptest(java.lang.String, java.lang.String, java.lang.String, java.lang.String)[pri:0, instance:justtests.ExcelTest@1593948d]" name="signuptest" duration-ms="5897" started-at="2018-10-24T16:24:16Z" data-provider="thisisdata" finished-at="2018-10-24T16:24:22Z">
          <params>
            <param index="0">
              <value>
                <![CDATA[ap3]]>
              </value>
            </param>
            <param index="1">
              <value>
                <![CDATA[ap3]]>
              </value>
            </param>
            <param index="2">
              <value>
                <![CDATA[ap2@g.com]]>
              </value>
            </param>
            <param index="3">
              <value>
                <![CDATA[125-3]]>
              </value>
            </param>
          </params>
          <reporter-output>
          </reporter-output>
        </test-method> <!-- signuptest -->
        <test-method status="PASS" signature="teardown()[pri:0, instance:justtests.ExcelTest@1593948d]" name="teardown" is-config="true" duration-ms="802" started-at="2018-10-24T16:24:22Z" finished-at="2018-10-24T16:24:22Z">
          <reporter-output>
          </reporter-output>
        </test-method> <!-- teardown -->
        <test-method status="PASS" signature="setup()[pri:0, instance:justtests.ExcelTest@1593948d]" name="setup" is-config="true" duration-ms="11910" started-at="2018-10-24T16:24:22Z" finished-at="2018-10-24T16:24:34Z">
          <reporter-output>
          </reporter-output>
        </test-method> <!-- setup -->
        <test-method status="PASS" signature="signuptest(java.lang.String, java.lang.String, java.lang.String, java.lang.String)[pri:0, instance:justtests.ExcelTest@1593948d]" name="signuptest" duration-ms="4785" started-at="2018-10-24T16:24:34Z" data-provider="thisisdata" finished-at="2018-10-24T16:24:39Z">
          <params>
            <param index="0">
              <value>
                <![CDATA[ap4]]>
              </value>
            </param>
            <param index="1">
              <value>
                <![CDATA[ap4]]>
              </value>
            </param>
            <param index="2">
              <value>
                <![CDATA[ap3@g.com]]>
              </value>
            </param>
            <param index="3">
              <value>
                <![CDATA[126-4]]>
              </value>
            </param>
          </params>
          <reporter-output>
          </reporter-output>
        </test-method> <!-- signuptest -->
        <test-method status="PASS" signature="teardown()[pri:0, instance:justtests.ExcelTest@1593948d]" name="teardown" is-config="true" duration-ms="734" started-at="2018-10-24T16:24:39Z" finished-at="2018-10-24T16:24:40Z">
          <reporter-output>
          </reporter-output>
        </test-method> <!-- teardown -->
      </class> <!-- justtests.ExcelTest -->
    </test> <!-- Default test -->
  </suite> <!-- Default suite -->
</testng-results>
