<?xml version="1.0" encoding="UTF-8"?>
<testng-results skipped="0" failed="0" total="1" passed="1">
  <reporter-output>
  </reporter-output>
  <suite name="Default suite" duration-ms="696" started-at="2018-10-23T11:57:50Z" finished-at="2018-10-23T11:57:51Z">
    <groups>
    </groups>
    <test name="Default test" duration-ms="696" started-at="2018-10-23T11:57:50Z" finished-at="2018-10-23T11:57:51Z">
      <class name="com.cv.pages.CustRegistration">
        <test-method status="PASS" signature="testdata()[pri:0, instance:com.cv.pages.CustRegistration@3a82f6ef]" name="testdata" duration-ms="678" started-at="2018-10-23T17:27:50Z" finished-at="2018-10-23T17:27:51Z">
          <reporter-output>
          </reporter-output>
        </test-method> <!-- testdata -->
      </class> <!-- com.cv.pages.CustRegistration -->
    </test> <!-- Default test -->
  </suite> <!-- Default suite -->
</testng-results>
