<?xml version="1.0" encoding="UTF-8"?>
<testng-results skipped="0" failed="0" total="1" passed="1">
  <reporter-output>
  </reporter-output>
  <suite name="Default suite" duration-ms="9079" started-at="2018-10-15T13:35:36Z" finished-at="2018-10-15T13:35:45Z">
    <groups>
    </groups>
    <test name="Default test" duration-ms="9079" started-at="2018-10-15T13:35:36Z" finished-at="2018-10-15T13:35:45Z">
      <class name="com.sa.test.pages.Loginpagetest">
        <test-method status="PASS" signature="setup()[pri:0, instance:com.sa.test.pages.Loginpagetest@20e2cbe0]" name="setup" is-config="true" duration-ms="8344" started-at="2018-10-15T19:05:36Z" finished-at="2018-10-15T19:05:45Z">
          <reporter-output>
          </reporter-output>
        </test-method> <!-- setup -->
        <test-method status="PASS" signature="verify()[pri:0, instance:com.sa.test.pages.Loginpagetest@20e2cbe0]" name="verify" duration-ms="7" started-at="2018-10-15T19:05:45Z" finished-at="2018-10-15T19:05:45Z">
          <reporter-output>
          </reporter-output>
        </test-method> <!-- verify -->
        <test-method status="PASS" signature="close()[pri:0, instance:com.sa.test.pages.Loginpagetest@20e2cbe0]" name="close" is-config="true" duration-ms="710" started-at="2018-10-15T19:05:45Z" finished-at="2018-10-15T19:05:45Z">
          <reporter-output>
          </reporter-output>
        </test-method> <!-- close -->
      </class> <!-- com.sa.test.pages.Loginpagetest -->
    </test> <!-- Default test -->
  </suite> <!-- Default suite -->
</testng-results>
