<?xml version="1.0" encoding="UTF-8"?>
<testng-results skipped="4" failed="0" total="4" passed="0">
  <reporter-output>
  </reporter-output>
  <suite name="Default suite" duration-ms="716" started-at="2018-10-27T14:25:36Z" finished-at="2018-10-27T14:25:37Z">
    <groups>
    </groups>
    <test name="Default test" duration-ms="716" started-at="2018-10-27T14:25:36Z" finished-at="2018-10-27T14:25:37Z">
      <class name="justtests.ExcelTest">
        <test-method status="FAIL" signature="setup()[pri:0, instance:justtests.ExcelTest@724af044]" name="setup" is-config="true" duration-ms="0" started-at="2018-10-27T19:55:37Z" finished-at="2018-10-27T19:55:37Z">
          <exception class="java.lang.IllegalStateException">
            <message>
              <![CDATA[The driver executable does not exist: /Users/anveshdurgam/git/LikeReal/Users/anveshdurgam/Downloads/chromedriver]]>
            </message>
            <full-stacktrace>
              <![CDATA[java.lang.IllegalStateException: The driver executable does not exist: /Users/anveshdurgam/git/LikeReal/Users/anveshdurgam/Downloads/chromedriver
	at com.google.common.base.Preconditions.checkState(Preconditions.java:585)
	at org.openqa.selenium.remote.service.DriverService.checkExecutable(DriverService.java:137)
	at org.openqa.selenium.remote.service.DriverService.findExecutable(DriverService.java:132)
	at org.openqa.selenium.chrome.ChromeDriverService.access$000(ChromeDriverService.java:35)
	at org.openqa.selenium.chrome.ChromeDriverService$Builder.findDefaultExecutable(ChromeDriverService.java:156)
	at org.openqa.selenium.remote.service.DriverService$Builder.build(DriverService.java:346)
	at org.openqa.selenium.chrome.ChromeDriverService.createDefaultService(ChromeDriverService.java:91)
	at org.openqa.selenium.chrome.ChromeDriver.<init>(ChromeDriver.java:123)
	at testbasepackage.TestBase.initizlization(TestBase.java:43)
	at justtests.ExcelTest.setup(ExcelTest.java:47)
	at sun.reflect.NativeMethodAccessorImpl.invoke0(Native Method)
	at sun.reflect.NativeMethodAccessorImpl.invoke(NativeMethodAccessorImpl.java:62)
	at sun.reflect.DelegatingMethodAccessorImpl.invoke(DelegatingMethodAccessorImpl.java:43)
	at java.lang.reflect.Method.invoke(Method.java:498)
	at org.testng.internal.MethodInvocationHelper.invokeMethod(MethodInvocationHelper.java:80)
	at org.testng.internal.Invoker.invokeConfigurationMethod(Invoker.java:564)
	at org.testng.internal.Invoker.invokeConfigurations(Invoker.java:213)
	at org.testng.internal.Invoker.invokeMethod(Invoker.java:653)
	at org.testng.internal.Invoker.invokeTestMethod(Invoker.java:901)
	at org.testng.internal.Invoker.invokeTestMethods(Invoker.java:1231)
	at org.testng.internal.TestMethodWorker.invokeTestMethods(TestMethodWorker.java:127)
	at org.testng.internal.TestMethodWorker.run(TestMethodWorker.java:111)
	at org.testng.TestRunner.privateRun(TestRunner.java:767)
	at org.testng.TestRunner.run(TestRunner.java:617)
	at org.testng.SuiteRunner.runTest(SuiteRunner.java:334)
	at org.testng.SuiteRunner.runSequentially(SuiteRunner.java:329)
	at org.testng.SuiteRunner.privateRun(SuiteRunner.java:291)
	at org.testng.SuiteRunner.run(SuiteRunner.java:240)
	at org.testng.SuiteRunnerWorker.runSuite(SuiteRunnerWorker.java:52)
	at org.testng.SuiteRunnerWorker.run(SuiteRunnerWorker.java:86)
	at org.testng.TestNG.runSuitesSequentially(TestNG.java:1198)
	at org.testng.TestNG.runSuitesLocally(TestNG.java:1123)
	at org.testng.TestNG.run(TestNG.java:1031)
	at org.testng.remote.AbstractRemoteTestNG.run(AbstractRemoteTestNG.java:114)
	at org.testng.remote.RemoteTestNG.initAndRun(RemoteTestNG.java:251)
	at org.testng.remote.RemoteTestNG.main(RemoteTestNG.java:77)
]]>
            </full-stacktrace>
          </exception> <!-- java.lang.IllegalStateException -->
          <reporter-output>
          </reporter-output>
        </test-method> <!-- setup -->
        <test-method status="SKIP" signature="signuptest(java.lang.String, java.lang.String, java.lang.String, java.lang.String)[pri:0, instance:justtests.ExcelTest@724af044]" name="signuptest" duration-ms="4" started-at="2018-10-27T19:55:37Z" data-provider="thisisdata" finished-at="2018-10-27T19:55:37Z">
          <params>
            <param index="0">
              <value>
                <![CDATA[ap1]]>
              </value>
            </param>
            <param index="1">
              <value>
                <![CDATA[aP1]]>
              </value>
            </param>
            <param index="2">
              <value>
                <![CDATA[ap@g.com]]>
              </value>
            </param>
            <param index="3">
              <value>
                <![CDATA[123-1]]>
              </value>
            </param>
          </params>
          <reporter-output>
          </reporter-output>
        </test-method> <!-- signuptest -->
        <test-method status="SKIP" signature="teardown()[pri:0, instance:justtests.ExcelTest@724af044]" name="teardown" is-config="true" duration-ms="0" started-at="2018-10-27T19:55:37Z" finished-at="2018-10-27T19:55:37Z">
          <reporter-output>
          </reporter-output>
        </test-method> <!-- teardown -->
        <test-method status="SKIP" signature="setup()[pri:0, instance:justtests.ExcelTest@724af044]" name="setup" is-config="true" duration-ms="0" started-at="2018-10-27T19:55:37Z" finished-at="2018-10-27T19:55:37Z">
          <reporter-output>
          </reporter-output>
        </test-method> <!-- setup -->
        <test-method status="SKIP" signature="signuptest(java.lang.String, java.lang.String, java.lang.String, java.lang.String)[pri:0, instance:justtests.ExcelTest@724af044]" name="signuptest" duration-ms="1" started-at="2018-10-27T19:55:37Z" data-provider="thisisdata" finished-at="2018-10-27T19:55:37Z">
          <params>
            <param index="0">
              <value>
                <![CDATA[ap2]]>
              </value>
            </param>
            <param index="1">
              <value>
                <![CDATA[ap2]]>
              </value>
            </param>
            <param index="2">
              <value>
                <![CDATA[ap1@g.com]]>
              </value>
            </param>
            <param index="3">
              <value>
                <![CDATA[124-2]]>
              </value>
            </param>
          </params>
          <reporter-output>
          </reporter-output>
        </test-method> <!-- signuptest -->
        <test-method status="SKIP" signature="teardown()[pri:0, instance:justtests.ExcelTest@724af044]" name="teardown" is-config="true" duration-ms="0" started-at="2018-10-27T19:55:37Z" finished-at="2018-10-27T19:55:37Z">
          <reporter-output>
          </reporter-output>
        </test-method> <!-- teardown -->
        <test-method status="SKIP" signature="setup()[pri:0, instance:justtests.ExcelTest@724af044]" name="setup" is-config="true" duration-ms="0" started-at="2018-10-27T19:55:37Z" finished-at="2018-10-27T19:55:37Z">
          <reporter-output>
          </reporter-output>
        </test-method> <!-- setup -->
        <test-method status="SKIP" signature="signuptest(java.lang.String, java.lang.String, java.lang.String, java.lang.String)[pri:0, instance:justtests.ExcelTest@724af044]" name="signuptest" duration-ms="3" started-at="2018-10-27T19:55:37Z" data-provider="thisisdata" finished-at="2018-10-27T19:55:37Z">
          <params>
            <param index="0">
              <value>
                <![CDATA[ap3]]>
              </value>
            </param>
            <param index="1">
              <value>
                <![CDATA[ap3]]>
              </value>
            </param>
            <param index="2">
              <value>
                <![CDATA[ap2@g.com]]>
              </value>
            </param>
            <param index="3">
              <value>
                <![CDATA[125-3]]>
              </value>
            </param>
          </params>
          <reporter-output>
          </reporter-output>
        </test-method> <!-- signuptest -->
        <test-method status="SKIP" signature="teardown()[pri:0, instance:justtests.ExcelTest@724af044]" name="teardown" is-config="true" duration-ms="0" started-at="2018-10-27T19:55:37Z" finished-at="2018-10-27T19:55:37Z">
          <reporter-output>
          </reporter-output>
        </test-method> <!-- teardown -->
        <test-method status="SKIP" signature="setup()[pri:0, instance:justtests.ExcelTest@724af044]" name="setup" is-config="true" duration-ms="0" started-at="2018-10-27T19:55:37Z" finished-at="2018-10-27T19:55:37Z">
          <reporter-output>
          </reporter-output>
        </test-method> <!-- setup -->
        <test-method status="SKIP" signature="signuptest(java.lang.String, java.lang.String, java.lang.String, java.lang.String)[pri:0, instance:justtests.ExcelTest@724af044]" name="signuptest" duration-ms="1" started-at="2018-10-27T19:55:37Z" data-provider="thisisdata" finished-at="2018-10-27T19:55:37Z">
          <params>
            <param index="0">
              <value>
                <![CDATA[ap4]]>
              </value>
            </param>
            <param index="1">
              <value>
                <![CDATA[ap4]]>
              </value>
            </param>
            <param index="2">
              <value>
                <![CDATA[ap3@g.com]]>
              </value>
            </param>
            <param index="3">
              <value>
                <![CDATA[126-4]]>
              </value>
            </param>
          </params>
          <reporter-output>
          </reporter-output>
        </test-method> <!-- signuptest -->
        <test-method status="SKIP" signature="teardown()[pri:0, instance:justtests.ExcelTest@724af044]" name="teardown" is-config="true" duration-ms="0" started-at="2018-10-27T19:55:37Z" finished-at="2018-10-27T19:55:37Z">
          <reporter-output>
          </reporter-output>
        </test-method> <!-- teardown -->
      </class> <!-- justtests.ExcelTest -->
    </test> <!-- Default test -->
  </suite> <!-- Default suite -->
</testng-results>
