<?xml version="1.0" encoding="UTF-8"?>
<testng-results skipped="0" failed="0" total="2" passed="2">
  <reporter-output>
  </reporter-output>
  <suite name="Default suite" duration-ms="29813" started-at="2018-10-26T04:23:31Z" finished-at="2018-10-26T04:24:01Z">
    <groups>
      <group name="loginpages">
        <method signature="Loginpagetest.aplogotest()[pri:0, instance:com.sa.test.pages.Loginpagetest@20e2cbe0]" name="aplogotest" class="com.sa.test.pages.Loginpagetest"/>
        <method signature="Loginpagetest.verify()[pri:0, instance:com.sa.test.pages.Loginpagetest@20e2cbe0]" name="verify" class="com.sa.test.pages.Loginpagetest"/>
      </group> <!-- loginpages -->
    </groups>
    <test name="Default test" duration-ms="29813" started-at="2018-10-26T04:23:31Z" finished-at="2018-10-26T04:24:01Z">
      <class name="com.sa.test.pages.Loginpagetest">
        <test-method status="PASS" signature="setup()[pri:0, instance:com.sa.test.pages.Loginpagetest@20e2cbe0]" name="setup" is-config="true" duration-ms="6400" started-at="2018-10-26T09:53:31Z" finished-at="2018-10-26T09:53:37Z">
          <reporter-output>
          </reporter-output>
        </test-method> <!-- setup -->
        <test-method status="PASS" signature="aplogotest()[pri:0, instance:com.sa.test.pages.Loginpagetest@20e2cbe0]" name="aplogotest" duration-ms="97" started-at="2018-10-26T09:53:37Z" finished-at="2018-10-26T09:53:37Z">
          <reporter-output>
          </reporter-output>
        </test-method> <!-- aplogotest -->
        <test-method status="PASS" signature="close()[pri:0, instance:com.sa.test.pages.Loginpagetest@20e2cbe0]" name="close" is-config="true" duration-ms="713" started-at="2018-10-26T09:53:37Z" finished-at="2018-10-26T09:53:38Z">
          <reporter-output>
          </reporter-output>
        </test-method> <!-- close -->
        <test-method status="PASS" signature="setup()[pri:0, instance:com.sa.test.pages.Loginpagetest@20e2cbe0]" name="setup" is-config="true" duration-ms="6948" started-at="2018-10-26T09:53:38Z" finished-at="2018-10-26T09:53:45Z">
          <reporter-output>
          </reporter-output>
        </test-method> <!-- setup -->
        <test-method status="PASS" signature="verify()[pri:0, instance:com.sa.test.pages.Loginpagetest@20e2cbe0]" name="verify" duration-ms="14900" started-at="2018-10-26T09:53:45Z" finished-at="2018-10-26T09:54:00Z">
          <reporter-output>
          </reporter-output>
        </test-method> <!-- verify -->
        <test-method status="PASS" signature="close()[pri:0, instance:com.sa.test.pages.Loginpagetest@20e2cbe0]" name="close" is-config="true" duration-ms="730" started-at="2018-10-26T09:54:00Z" finished-at="2018-10-26T09:54:01Z">
          <reporter-output>
          </reporter-output>
        </test-method> <!-- close -->
      </class> <!-- com.sa.test.pages.Loginpagetest -->
    </test> <!-- Default test -->
  </suite> <!-- Default suite -->
</testng-results>
