<?xml version="1.0" encoding="UTF-8"?>
<testng-results skipped="0" failed="1" total="1" passed="0">
  <reporter-output>
  </reporter-output>
  <suite name="Default suite" duration-ms="152062" started-at="2018-10-17T12:33:48Z" finished-at="2018-10-17T12:36:21Z">
    <groups>
    </groups>
    <test name="Default test" duration-ms="152062" started-at="2018-10-17T12:33:48Z" finished-at="2018-10-17T12:36:21Z">
      <class name="com.sa.test.pages.CorrectServiceCostTest">
        <test-method status="PASS" signature="setup()[pri:0, instance:com.sa.test.pages.CorrectServiceCostTest@20e2cbe0]" name="setup" is-config="true" duration-ms="22484" started-at="2018-10-17T18:03:48Z" finished-at="2018-10-17T18:04:11Z">
          <reporter-output>
          </reporter-output>
        </test-method> <!-- setup -->
        <test-method status="FAIL" signature="servicecosttest()[pri:0, instance:com.sa.test.pages.CorrectServiceCostTest@20e2cbe0]" name="servicecosttest" duration-ms="125412" started-at="2018-10-17T18:04:11Z" finished-at="2018-10-17T18:06:16Z">
          <exception class="org.openqa.selenium.NoSuchFrameException">
            <message>
              <![CDATA[No frame element found by name or id CDwindow-B37672DE559B68F90E609F07A3CF163E
Build info: version: '3.13.0', revision: '2f0d292', time: '2018-06-25T15:24:21.231Z'
System info: host: 'INLAPIWIN10028', ip: '192.168.9.75', os.name: 'Windows 10', os.arch: 'amd64', os.version: '10.0', java.version: '1.8.0_181'
Driver info: driver.version: unknown]]>
            </message>
            <full-stacktrace>
              <![CDATA[org.openqa.selenium.NoSuchFrameException: No frame element found by name or id CDwindow-B37672DE559B68F90E609F07A3CF163E
Build info: version: '3.13.0', revision: '2f0d292', time: '2018-06-25T15:24:21.231Z'
System info: host: 'INLAPIWIN10028', ip: '192.168.9.75', os.name: 'Windows 10', os.arch: 'amd64', os.version: '10.0', java.version: '1.8.0_181'
Driver info: driver.version: unknown
	at org.openqa.selenium.remote.RemoteWebDriver$RemoteTargetLocator.frame(RemoteWebDriver.java:881)
	at com.sa.pages.CVLinkpage.gotocv(CVLinkpage.java:37)
	at com.sa.test.pages.CorrectServiceCostTest.servicecosttest(CorrectServiceCostTest.java:56)
	at sun.reflect.NativeMethodAccessorImpl.invoke0(Native Method)
	at sun.reflect.NativeMethodAccessorImpl.invoke(Unknown Source)
	at sun.reflect.DelegatingMethodAccessorImpl.invoke(Unknown Source)
	at java.lang.reflect.Method.invoke(Unknown Source)
	at org.testng.internal.MethodInvocationHelper.invokeMethod(MethodInvocationHelper.java:80)
	at org.testng.internal.Invoker.invokeMethod(Invoker.java:714)
	at org.testng.internal.Invoker.invokeTestMethod(Invoker.java:901)
	at org.testng.internal.Invoker.invokeTestMethods(Invoker.java:1231)
	at org.testng.internal.TestMethodWorker.invokeTestMethods(TestMethodWorker.java:127)
	at org.testng.internal.TestMethodWorker.run(TestMethodWorker.java:111)
	at org.testng.TestRunner.privateRun(TestRunner.java:767)
	at org.testng.TestRunner.run(TestRunner.java:617)
	at org.testng.SuiteRunner.runTest(SuiteRunner.java:334)
	at org.testng.SuiteRunner.runSequentially(SuiteRunner.java:329)
	at org.testng.SuiteRunner.privateRun(SuiteRunner.java:291)
	at org.testng.SuiteRunner.run(SuiteRunner.java:240)
	at org.testng.SuiteRunnerWorker.runSuite(SuiteRunnerWorker.java:52)
	at org.testng.SuiteRunnerWorker.run(SuiteRunnerWorker.java:86)
	at org.testng.TestNG.runSuitesSequentially(TestNG.java:1198)
	at org.testng.TestNG.runSuitesLocally(TestNG.java:1123)
	at org.testng.TestNG.run(TestNG.java:1031)
	at org.testng.remote.AbstractRemoteTestNG.run(AbstractRemoteTestNG.java:114)
	at org.testng.remote.RemoteTestNG.initAndRun(RemoteTestNG.java:251)
	at org.testng.remote.RemoteTestNG.main(RemoteTestNG.java:77)
]]>
            </full-stacktrace>
          </exception> <!-- org.openqa.selenium.NoSuchFrameException -->
          <reporter-output>
          </reporter-output>
        </test-method> <!-- servicecosttest -->
        <test-method status="PASS" signature="close()[pri:0, instance:com.sa.test.pages.CorrectServiceCostTest@20e2cbe0]" name="close" is-config="true" duration-ms="4130" started-at="2018-10-17T18:06:16Z" finished-at="2018-10-17T18:06:21Z">
          <reporter-output>
          </reporter-output>
        </test-method> <!-- close -->
      </class> <!-- com.sa.test.pages.CorrectServiceCostTest -->
    </test> <!-- Default test -->
  </suite> <!-- Default suite -->
</testng-results>
