<?xml version="1.0" encoding="UTF-8"?>
<testng-results skipped="0" failed="0" total="1" passed="1">
  <reporter-output>
  </reporter-output>
  <suite name="Default suite" duration-ms="19611" started-at="2018-11-15T10:08:36Z" finished-at="2018-11-15T10:08:56Z">
    <groups>
    </groups>
    <test name="Default test" duration-ms="19611" started-at="2018-11-15T10:08:36Z" finished-at="2018-11-15T10:08:56Z">
      <class name="justtests.IframeTest">
        <test-method status="PASS" signature="iframe()[pri:0, instance:justtests.IframeTest@735b5592]" name="iframe" duration-ms="19589" started-at="2018-11-15T15:38:36Z" finished-at="2018-11-15T15:38:56Z">
          <reporter-output>
          </reporter-output>
        </test-method> <!-- iframe -->
      </class> <!-- justtests.IframeTest -->
    </test> <!-- Default test -->
  </suite> <!-- Default suite -->
</testng-results>
